<?xml version="1.0" encoding="UTF-8"?>
<!-- Generated by org.testng.reporters.JUnitReportReporter -->
<testsuite skipped="0" hostname="Dell" name="com.nopcommerce.testCases.TC_LoginTest_001" tests="1" failures="0" timestamp="14 Jul 2020 03:29:02 GMT" time="22.529" errors="0">
  <testcase name="loginTest" time="22.529" classname="com.nopcommerce.testCases.TC_LoginTest_001"/>
</testsuite> <!-- com.nopcommerce.testCases.TC_LoginTest_001 -->
